<?xml version="1.0" encoding="UTF-8"?>
<testng-results skipped="0" failed="0" total="1" passed="1">
  <reporter-output>
  </reporter-output>
  <suite name="Default suite" duration-ms="12585" started-at="2019-09-23T04:56:05Z" finished-at="2019-09-23T04:56:17Z">
    <groups>
    </groups>
    <test name="Default test" duration-ms="12585" started-at="2019-09-23T04:56:05Z" finished-at="2019-09-23T04:56:17Z">
      <class name="gittest.GitTest">
        <test-method status="PASS" signature="loginTest()[pri:0, instance:gittest.GitTest@3aa9e816]" name="loginTest" duration-ms="12550" started-at="2019-09-23T10:26:05Z" finished-at="2019-09-23T10:26:17Z">
          <reporter-output>
          </reporter-output>
        </test-method> <!-- loginTest -->
      </class> <!-- gittest.GitTest -->
    </test> <!-- Default test -->
  </suite> <!-- Default suite -->
</testng-results>
